     0>C:\Program Files (x86)\MSBuild\4.0\Microsoft.Common.Targets\ImportAfter\Microsoft.VisualStudio.SharePoint.SandboxedCompilation.targets(47,5): warning MSB4057: The target "CoreCompile" does not exist in the project.
     0>C:\Program Files (x86)\MSBuild\4.0\Microsoft.Common.Targets\ImportAfter\Microsoft.VisualStudio.SharePoint.SandboxedCompilation.targets(63,5): warning MSB4057: The target "CoreCompile" does not exist in the project.
Build started 12/28/2010 9:10:56 PM.
     1>Project "E:\MyAssets\MyDemos\C++\Examples\Embedded\Embedded\Embedded.vcxproj" on node 2 (rebuild target(s)).
     1>_PrepareForClean:
         Deleting file "Debug\Embedded.lastbuildstate".
       InitializeBuildStatus:
         Creating "Debug\Embedded.unsuccessfulbuild" because "AlwaysCreate" was specified.
       ClCompile:
         C:\Program Files (x86)\Microsoft Visual Studio 10.0\VC\bin\CL.exe /c /ZI /nologo /W3 /WX- /Od /Oy- /D WIN32 /D _DEBUG /D _CONSOLE /D _UNICODE /D UNICODE /Gm /EHsc /RTC1 /MDd /GS /fp:precise /Zc:wchar_t /Zc:forScope /Fo"Debug\\" /Fd"Debug\vc100.pdb" /Gd /TP /analyze- /errorReport:prompt rom1.cpp
         rom1.cpp
       ManifestResourceCompile:
         C:\Program Files (x86)\Microsoft SDKs\Windows\v7.0A\bin\rc.exe /nologo /fo"Debug\Embedded.exe.embed.manifest.res" Debug\Embedded_manifest.rc 
       Link:
         C:\Program Files (x86)\Microsoft Visual Studio 10.0\VC\bin\link.exe /ERRORREPORT:PROMPT /OUT:"E:\MyAssets\MyDemos\C++\Examples\Embedded\Debug\Embedded.exe" /INCREMENTAL /NOLOGO kernel32.lib user32.lib gdi32.lib winspool.lib comdlg32.lib advapi32.lib shell32.lib ole32.lib oleaut32.lib uuid.lib odbc32.lib odbccp32.lib /MANIFEST /ManifestFile:"Debug\Embedded.exe.intermediate.manifest" /MANIFESTUAC:"level='asInvoker' uiAccess='false'" /DEBUG /PDB:"E:\MyAssets\MyDemos\C++\Examples\Embedded\Debug\Embedded.pdb" /SUBSYSTEM:CONSOLE /TLBID:1 /DYNAMICBASE /NXCOMPAT /IMPLIB:"E:\MyAssets\MyDemos\C++\Examples\Embedded\Debug\Embedded.lib" /MACHINE:X86 Debug\Embedded.exe.embed.manifest.res
         Debug\rom1.obj
       Manifest:
         Deleting file "Debug\Embedded.exe.embed.manifest".
         C:\Program Files (x86)\Microsoft SDKs\Windows\v7.0A\bin\mt.exe /nologo /verbose /out:"Debug\Embedded.exe.embed.manifest" /manifest Debug\Embedded.exe.intermediate.manifest
         C:\Program Files (x86)\Microsoft SDKs\Windows\v7.0A\bin\rc.exe /nologo /fo"Debug\Embedded.exe.embed.manifest.res" Debug\Embedded_manifest.rc 
       LinkEmbedManifest:
         C:\Program Files (x86)\Microsoft Visual Studio 10.0\VC\bin\link.exe /ERRORREPORT:PROMPT /OUT:"E:\MyAssets\MyDemos\C++\Examples\Embedded\Debug\Embedded.exe" /INCREMENTAL /NOLOGO kernel32.lib user32.lib gdi32.lib winspool.lib comdlg32.lib advapi32.lib shell32.lib ole32.lib oleaut32.lib uuid.lib odbc32.lib odbccp32.lib /MANIFEST /ManifestFile:"Debug\Embedded.exe.intermediate.manifest" /MANIFESTUAC:"level='asInvoker' uiAccess='false'" /DEBUG /PDB:"E:\MyAssets\MyDemos\C++\Examples\Embedded\Debug\Embedded.pdb" /SUBSYSTEM:CONSOLE /TLBID:1 /DYNAMICBASE /NXCOMPAT /IMPLIB:"E:\MyAssets\MyDemos\C++\Examples\Embedded\Debug\Embedded.lib" /MACHINE:X86 Debug\Embedded.exe.embed.manifest.res
         Debug\rom1.obj
         Embedded.vcxproj -> E:\MyAssets\MyDemos\C++\Examples\Embedded\Debug\Embedded.exe
       FinalizeBuildStatus:
         Deleting file "Debug\Embedded.unsuccessfulbuild".
         Touching "Debug\Embedded.lastbuildstate".
     1>Done Building Project "E:\MyAssets\MyDemos\C++\Examples\Embedded\Embedded\Embedded.vcxproj" (rebuild target(s)).

Build succeeded.

Time Elapsed 00:00:05.61
