E:\MYASSETS\MYDEMOS\C++\EXAMPLES\EMBEDDED\DEBUG\EMBEDDED.EXE
E:\MYASSETS\MYDEMOS\C++\EXAMPLES\EMBEDDED\DEBUG\EMBEDDED.ILK
E:\MYASSETS\MYDEMOS\C++\EXAMPLES\EMBEDDED\DEBUG\EMBEDDED.PDB
E:\MyAssets\MyDemos\C++\Examples\Embedded\Embedded\Debug\cl.command.1.tlog
E:\MyAssets\MyDemos\C++\Examples\Embedded\Embedded\Debug\CL.read.1.tlog
E:\MyAssets\MyDemos\C++\Examples\Embedded\Embedded\Debug\CL.write.1.tlog
E:\MYASSETS\MYDEMOS\C++\EXAMPLES\EMBEDDED\EMBEDDED\DEBUG\EMBEDDED.EXE.EMBED.MANIFEST
E:\MYASSETS\MYDEMOS\C++\EXAMPLES\EMBEDDED\EMBEDDED\DEBUG\EMBEDDED.EXE.EMBED.MANIFEST.RES
E:\MYASSETS\MYDEMOS\C++\EXAMPLES\EMBEDDED\EMBEDDED\DEBUG\EMBEDDED.EXE.INTERMEDIATE.MANIFEST
E:\MyAssets\MyDemos\C++\Examples\Embedded\Embedded\Debug\Embedded_manifest.rc
E:\MyAssets\MyDemos\C++\Examples\Embedded\Embedded\Debug\link.12132.read.1.tlog
E:\MyAssets\MyDemos\C++\Examples\Embedded\Embedded\Debug\link.12132.write.1.tlog
E:\MyAssets\MyDemos\C++\Examples\Embedded\Embedded\Debug\link.12132-cvtres.read.1.tlog
E:\MyAssets\MyDemos\C++\Examples\Embedded\Embedded\Debug\link.12132-cvtres.write.1.tlog
E:\MyAssets\MyDemos\C++\Examples\Embedded\Embedded\Debug\link.command.1.tlog
E:\MyAssets\MyDemos\C++\Examples\Embedded\Embedded\Debug\link.read.1.tlog
E:\MyAssets\MyDemos\C++\Examples\Embedded\Embedded\Debug\link.write.1.tlog
E:\MyAssets\MyDemos\C++\Examples\Embedded\Embedded\Debug\link-cvtres.read.1.tlog
E:\MyAssets\MyDemos\C++\Examples\Embedded\Embedded\Debug\link-cvtres.write.1.tlog
E:\MyAssets\MyDemos\C++\Examples\Embedded\Embedded\Debug\mt.command.1.tlog
E:\MyAssets\MyDemos\C++\Examples\Embedded\Embedded\Debug\mt.read.1.tlog
E:\MyAssets\MyDemos\C++\Examples\Embedded\Embedded\Debug\mt.write.1.tlog
E:\MyAssets\MyDemos\C++\Examples\Embedded\Embedded\Debug\rc.command.1.tlog
E:\MyAssets\MyDemos\C++\Examples\Embedded\Embedded\Debug\rc.read.1.tlog
E:\MyAssets\MyDemos\C++\Examples\Embedded\Embedded\Debug\rc.write.1.tlog
E:\MYASSETS\MYDEMOS\C++\EXAMPLES\EMBEDDED\EMBEDDED\DEBUG\ROM1.OBJ
E:\MyAssets\MyDemos\C++\Examples\Embedded\Embedded\Debug\vc100.idb
E:\MYASSETS\MYDEMOS\C++\EXAMPLES\EMBEDDED\EMBEDDED\DEBUG\VC100.PDB
